Base path: C:/Program Files (x86)/Unity/Editor/Data
Pipe name: \\.\pipe\UnityShaderCompiler-1-3900
Cmd: getPlatforms
Cmd: preprocess
  insize=1095 outsize=1001 ok=1
Cmd: compileSnippet
  api=1 type=0 insize=393 outsize=615 kw=DIRECTIONAL SHADOWS_OFF LIGHTMAP_OFF DIRLIGHTMAP_OFF ok=1
Cmd: compileSnippet
  api=1 type=1 insize=393 outsize=1466 kw=DIRECTIONAL SHADOWS_OFF LIGHTMAP_OFF DIRLIGHTMAP_OFF ok=1
Cmd: compileSnippet
  api=1 type=0 insize=339 outsize=387 kw= ok=1
Cmd: compileSnippet
  api=1 type=1 insize=339 outsize=380 kw= ok=1
Cmd: preprocess
  insize=766 outsize=709 ok=1
Cmd: compileSnippet
  api=1 type=0 insize=393 outsize=468 kw=DIRECTIONAL SHADOWS_OFF LIGHTMAP_OFF DIRLIGHTMAP_OFF ok=1
Cmd: compileSnippet
  api=1 type=1 insize=393 outsize=618 kw=DIRECTIONAL SHADOWS_OFF LIGHTMAP_OFF DIRLIGHTMAP_OFF ok=1
Cmd: preprocess
  insize=1107 outsize=1013 ok=1
Cmd: preprocess
  insize=755 outsize=698 ok=1
Cmd: compileSnippet
  api=1 type=0 insize=393 outsize=468 kw=DIRECTIONAL SHADOWS_OFF LIGHTMAP_OFF DIRLIGHTMAP_OFF ok=1
Cmd: compileSnippet
  api=1 type=1 insize=393 outsize=618 kw=DIRECTIONAL SHADOWS_OFF LIGHTMAP_OFF DIRLIGHTMAP_OFF ok=1
Cmd: preprocess
  insize=757 outsize=700 ok=1
Cmd: preprocess
  insize=1113 outsize=1019 ok=1
Cmd: preprocess
  insize=662 outsize=1282 ok=1
Cmd: compileSnippet
  api=1 type=0 insize=4466 outsize=318 kw=DIRECTIONAL SHADOWS_OFF LIGHTMAP_OFF DIRLIGHTMAP_OFF ok=1
Cmd: compileSnippet
  api=1 type=1 insize=4466 outsize=308 kw=DIRECTIONAL SHADOWS_OFF LIGHTMAP_OFF DIRLIGHTMAP_OFF ok=1
Cmd: compileSnippet
  api=1 type=0 insize=2383 outsize=383 kw=POINT ok=1
Cmd: compileSnippet
  api=1 type=1 insize=2383 outsize=399 kw=POINT ok=1
Cmd: compileSnippet
  api=1 type=0 insize=1911 outsize=190 kw= ok=1
Cmd: compileSnippet
  api=1 type=1 insize=1911 outsize=118 kw= ok=1
Cmd: compileSnippet
  api=1 type=0 insize=4073 outsize=301 kw=LIGHTMAP_OFF DIRLIGHTMAP_OFF HDR_LIGHT_PREPASS_OFF ok=1
Cmd: compileSnippet
  api=1 type=1 insize=4073 outsize=225 kw=LIGHTMAP_OFF DIRLIGHTMAP_OFF HDR_LIGHT_PREPASS_OFF ok=1
Cmd: preprocess
  insize=662 outsize=605 ok=1
Cmd: compileSnippet
  api=1 type=0 insize=393 outsize=468 kw=DIRECTIONAL SHADOWS_OFF LIGHTMAP_OFF DIRLIGHTMAP_OFF ok=1
Cmd: compileSnippet
  api=1 type=1 insize=393 outsize=618 kw=DIRECTIONAL SHADOWS_OFF LIGHTMAP_OFF DIRLIGHTMAP_OFF ok=1
Cmd: preprocess
  insize=870 outsize=777 ok=1
Cmd: compileSnippet
  api=1 type=0 insize=393 outsize=468 kw=DIRECTIONAL SHADOWS_OFF LIGHTMAP_OFF DIRLIGHTMAP_OFF ok=1
Cmd: compileSnippet
  api=1 type=1 insize=393 outsize=618 kw=DIRECTIONAL SHADOWS_OFF LIGHTMAP_OFF DIRLIGHTMAP_OFF ok=1
Cmd: compileSnippet
  api=1 type=0 insize=339 outsize=387 kw= ok=1
Cmd: compileSnippet
  api=1 type=1 insize=339 outsize=380 kw= ok=1
Cmd: preprocess
  insize=769 outsize=712 ok=1
Cmd: preprocess
  insize=1093 outsize=999 ok=1
Cmd: compileSnippet
  api=1 type=0 insize=2383 outsize=253 kw=DIRECTIONAL ok=1
Cmd: compileSnippet
  api=1 type=1 insize=2383 outsize=264 kw=DIRECTIONAL ok=1
